app/build/intermediates/manifest_merge_blame_file/debug/processDebugMainManifest/manifest-merger-blame-debug-report.txt
1<?xml version="1.0" encoding="utf-8"?>
2<manifest xmlns:android="http://schemas.android.com/apk/res/android"
3    package="com.easyfitness.debug"
4    android:versionCode="68"
5    android:versionName="0.20.7" >
6
7    <uses-sdk
8        android:minSdkVersion="31"
9        android:targetSdkVersion="34" />
10
11    <uses-permission android:name="android.permission.SCHEDULE_EXACT_ALARM" />
11-->src\main\AndroidManifest.xml:5:5-6:47
11-->src\main\AndroidManifest.xml:5:22-76
12    <uses-permission android:name="android.permission.VIBRATE" />
12-->src\main\AndroidManifest.xml:7:5-66
12-->src\main\AndroidManifest.xml:7:22-63
13    <uses-permission android:name="android.permission.READ_EXTERNAL_STORAGE" />
13-->src\main\AndroidManifest.xml:8:5-80
13-->src\main\AndroidManifest.xml:8:22-77
14    <uses-permission
14-->src\main\AndroidManifest.xml:9:5-10:38
15        android:name="android.permission.WRITE_EXTERNAL_STORAGE"
15-->src\main\AndroidManifest.xml:9:22-78
16        android:maxSdkVersion="28" />
16-->src\main\AndroidManifest.xml:10:9-35
17    <uses-permission android:name="android.permission.ACTION_HEADSET_PLUG" />
17-->src\main\AndroidManifest.xml:11:5-78
17-->src\main\AndroidManifest.xml:11:22-75
18    <uses-permission android:name="com.health.openscale.READ_WRITE_DATA" />
18-->src\main\AndroidManifest.xml:12:5-76
18-->src\main\AndroidManifest.xml:12:22-73
19    <uses-permission android:name="com.health.openscale.light.READ_WRITE_DATA" />
19-->src\main\AndroidManifest.xml:13:5-82
19-->src\main\AndroidManifest.xml:13:22-79
20    <uses-permission android:name="com.health.openscale.pro.READ_WRITE_DATA" />
20-->src\main\AndroidManifest.xml:14:5-80
20-->src\main\AndroidManifest.xml:14:22-77
21
22    <queries>
22-->src\main\AndroidManifest.xml:16:5-18:15
23        <package android:name="com.health.openscale" />
23-->src\main\AndroidManifest.xml:17:9-56
23-->src\main\AndroidManifest.xml:17:18-53
24
25        <intent>
25-->[com.vanniktech:android-image-cropper:4.5.0] AndroidManifest.xml:10:9-16:18
26            <action android:name="android.intent.action.GET_CONTENT" />
26-->[com.vanniktech:android-image-cropper:4.5.0] AndroidManifest.xml:11:13-72
26-->[com.vanniktech:android-image-cropper:4.5.0] AndroidManifest.xml:11:21-69
27
28            <category android:name="android.intent.category.OPENABLE" />
28-->[com.vanniktech:android-image-cropper:4.5.0] AndroidManifest.xml:13:13-73
28-->[com.vanniktech:android-image-cropper:4.5.0] AndroidManifest.xml:13:23-70
29
30            <data android:mimeType="*/*" />
30-->[com.vanniktech:android-image-cropper:4.5.0] AndroidManifest.xml:15:13-44
30-->[com.vanniktech:android-image-cropper:4.5.0] AndroidManifest.xml:15:19-41
31        </intent>
32        <intent>
32-->[com.vanniktech:android-image-cropper:4.5.0] AndroidManifest.xml:17:9-19:18
33            <action android:name="android.media.action.IMAGE_CAPTURE" />
33-->[com.vanniktech:android-image-cropper:4.5.0] AndroidManifest.xml:18:13-73
33-->[com.vanniktech:android-image-cropper:4.5.0] AndroidManifest.xml:18:21-70
34        </intent>
35    </queries>
36
37    <uses-feature
37-->src\main\AndroidManifest.xml:20:5-22:36
38        android:name="android.hardware.camera.any"
38-->src\main\AndroidManifest.xml:21:9-51
39        android:required="false" />
39-->src\main\AndroidManifest.xml:22:9-33
40    <uses-feature
40-->src\main\AndroidManifest.xml:23:5-25:36
41        android:name="android.hardware.camera.autofocus"
41-->src\main\AndroidManifest.xml:24:9-57
42        android:required="false" />
42-->src\main\AndroidManifest.xml:25:9-33
43
44    <permission
44-->[androidx.core:core:1.13.0] AndroidManifest.xml:22:5-24:47
45        android:name="com.easyfitness.debug.DYNAMIC_RECEIVER_NOT_EXPORTED_PERMISSION"
45-->[androidx.core:core:1.13.0] AndroidManifest.xml:23:9-81
46        android:protectionLevel="signature" />
46-->[androidx.core:core:1.13.0] AndroidManifest.xml:24:9-44
47
48    <uses-permission android:name="com.easyfitness.debug.DYNAMIC_RECEIVER_NOT_EXPORTED_PERMISSION" />
48-->[androidx.core:core:1.13.0] AndroidManifest.xml:26:5-97
48-->[androidx.core:core:1.13.0] AndroidManifest.xml:26:22-94
49
50    <application
50-->src\main\AndroidManifest.xml:27:5-71:19
51        android:allowBackup="true"
51-->src\main\AndroidManifest.xml:28:9-35
52        android:appComponentFactory="androidx.core.app.CoreComponentFactory"
52-->[androidx.core:core:1.13.0] AndroidManifest.xml:28:18-86
53        android:debuggable="true"
54        android:extractNativeLibs="false"
55        android:icon="@mipmap/ic_launcher"
55-->src\main\AndroidManifest.xml:29:9-43
56        android:label="@string/app_name"
56-->src\main\AndroidManifest.xml:30:9-41
57        android:preserveLegacyExternalStorage="true"
57-->src\main\AndroidManifest.xml:33:9-53
58        android:requestLegacyExternalStorage="true"
58-->src\main\AndroidManifest.xml:31:9-52
59        android:theme="@style/AppTheme" > <!-- for when requestLegacyExternalStorage will be removed -->
59-->src\main\AndroidManifest.xml:32:9-40
60
61        <activity
61-->src\main\AndroidManifest.xml:35:9-45:20
62            android:name="com.easyfitness.MainActivity"
62-->src\main\AndroidManifest.xml:36:13-41
63            android:configChanges="orientation|screenSize"
63-->src\main\AndroidManifest.xml:37:13-59
64            android:exported="true"
64-->src\main\AndroidManifest.xml:39:13-36
65            android:windowSoftInputMode="stateUnchanged" >
65-->src\main\AndroidManifest.xml:38:13-57
66            <intent-filter>
66-->src\main\AndroidManifest.xml:40:13-44:29
67                <action android:name="android.intent.action.MAIN" />
67-->src\main\AndroidManifest.xml:41:17-69
67-->src\main\AndroidManifest.xml:41:25-66
68
69                <category android:name="android.intent.category.LAUNCHER" />
69-->src\main\AndroidManifest.xml:42:17-77
69-->src\main\AndroidManifest.xml:42:27-74
70
71                <action android:name="android.intent.action.VIEW" />
71-->src\main\AndroidManifest.xml:43:17-69
71-->src\main\AndroidManifest.xml:43:25-66
72            </intent-filter>
73        </activity>
74        <activity
74-->src\main\AndroidManifest.xml:47:9-48:49
75            android:name="com.easyfitness.intro.MainIntroActivity"
75-->src\main\AndroidManifest.xml:47:19-58
76            android:label="FastNFitnessIntro" />
76-->src\main\AndroidManifest.xml:48:13-46
77        <activity
77-->src\main\AndroidManifest.xml:49:9-52:38
78            android:name="com.canhub.cropper.CropImageActivity"
78-->src\main\AndroidManifest.xml:50:13-64
79            android:exported="true"
79-->src\main\AndroidManifest.xml:52:13-36
80            android:theme="@style/Base.Theme.AppCompat" />
80-->src\main\AndroidManifest.xml:51:13-56
81
82        <meta-data
82-->src\main\AndroidManifest.xml:54:9-56:60
83            android:name="firebase_crash_collection_enabled"
83-->src\main\AndroidManifest.xml:55:13-61
84            android:value="@bool/FIREBASE_CRASH_ENABLED" />
84-->src\main\AndroidManifest.xml:56:13-57
85
86        <provider
87            android:name="androidx.core.content.FileProvider"
87-->src\main\AndroidManifest.xml:59:13-62
88            android:authorities="com.easyfitness.debug.fileprovider"
88-->src\main\AndroidManifest.xml:60:13-64
89            android:exported="false"
89-->src\main\AndroidManifest.xml:61:13-37
90            android:grantUriPermissions="true" >
90-->src\main\AndroidManifest.xml:62:13-47
91            <meta-data
91-->src\main\AndroidManifest.xml:63:13-65:58
92                android:name="android.support.FILE_PROVIDER_PATHS"
92-->src\main\AndroidManifest.xml:64:17-67
93                android:resource="@xml/provider_paths" />
93-->src\main\AndroidManifest.xml:65:17-55
94        </provider>
95
96        <receiver
96-->src\main\AndroidManifest.xml:68:9-70:41
97            android:name="com.easyfitness.utils.AlarmReceiver"
97-->src\main\AndroidManifest.xml:69:13-48
98            android:process=":remote" />
98-->src\main\AndroidManifest.xml:70:13-38
99
100        <provider
100-->[com.vanniktech:android-image-cropper:4.5.0] AndroidManifest.xml:23:9-31:20
101            android:name="com.canhub.cropper.CropFileProvider"
101-->[com.vanniktech:android-image-cropper:4.5.0] AndroidManifest.xml:24:13-63
102            android:authorities="com.easyfitness.debug.cropper.fileprovider"
102-->[com.vanniktech:android-image-cropper:4.5.0] AndroidManifest.xml:25:13-72
103            android:exported="false"
103-->[com.vanniktech:android-image-cropper:4.5.0] AndroidManifest.xml:26:13-37
104            android:grantUriPermissions="true" >
104-->[com.vanniktech:android-image-cropper:4.5.0] AndroidManifest.xml:27:13-47
105            <meta-data
105-->src\main\AndroidManifest.xml:63:13-65:58
106                android:name="android.support.FILE_PROVIDER_PATHS"
106-->src\main\AndroidManifest.xml:64:17-67
107                android:resource="@xml/library_file_paths" />
107-->src\main\AndroidManifest.xml:65:17-55
108        </provider>
109        <provider
109-->[androidx.emoji2:emoji2:1.3.0] AndroidManifest.xml:24:9-32:20
110            android:name="androidx.startup.InitializationProvider"
110-->[androidx.emoji2:emoji2:1.3.0] AndroidManifest.xml:25:13-67
111            android:authorities="com.easyfitness.debug.androidx-startup"
111-->[androidx.emoji2:emoji2:1.3.0] AndroidManifest.xml:26:13-68
112            android:exported="false" >
112-->[androidx.emoji2:emoji2:1.3.0] AndroidManifest.xml:27:13-37
113            <meta-data
113-->[androidx.emoji2:emoji2:1.3.0] AndroidManifest.xml:29:13-31:52
114                android:name="androidx.emoji2.text.EmojiCompatInitializer"
114-->[androidx.emoji2:emoji2:1.3.0] AndroidManifest.xml:30:17-75
115                android:value="androidx.startup" />
115-->[androidx.emoji2:emoji2:1.3.0] AndroidManifest.xml:31:17-49
116            <meta-data
116-->[androidx.lifecycle:lifecycle-process:2.6.2] AndroidManifest.xml:29:13-31:52
117                android:name="androidx.lifecycle.ProcessLifecycleInitializer"
117-->[androidx.lifecycle:lifecycle-process:2.6.2] AndroidManifest.xml:30:17-78
118                android:value="androidx.startup" />
118-->[androidx.lifecycle:lifecycle-process:2.6.2] AndroidManifest.xml:31:17-49
119            <meta-data
119-->[androidx.profileinstaller:profileinstaller:1.4.0] AndroidManifest.xml:29:13-31:52
120                android:name="androidx.profileinstaller.ProfileInstallerInitializer"
120-->[androidx.profileinstaller:profileinstaller:1.4.0] AndroidManifest.xml:30:17-85
121                android:value="androidx.startup" />
121-->[androidx.profileinstaller:profileinstaller:1.4.0] AndroidManifest.xml:31:17-49
122        </provider>
123
124        <uses-library
124-->[androidx.window:window:1.0.0] AndroidManifest.xml:25:9-27:40
125            android:name="androidx.window.extensions"
125-->[androidx.window:window:1.0.0] AndroidManifest.xml:26:13-54
126            android:required="false" />
126-->[androidx.window:window:1.0.0] AndroidManifest.xml:27:13-37
127        <uses-library
127-->[androidx.window:window:1.0.0] AndroidManifest.xml:28:9-30:40
128            android:name="androidx.window.sidecar"
128-->[androidx.window:window:1.0.0] AndroidManifest.xml:29:13-51
129            android:required="false" />
129-->[androidx.window:window:1.0.0] AndroidManifest.xml:30:13-37
130
131        <receiver
131-->[androidx.profileinstaller:profileinstaller:1.4.0] AndroidManifest.xml:34:9-52:20
132            android:name="androidx.profileinstaller.ProfileInstallReceiver"
132-->[androidx.profileinstaller:profileinstaller:1.4.0] AndroidManifest.xml:35:13-76
133            android:directBootAware="false"
133-->[androidx.profileinstaller:profileinstaller:1.4.0] AndroidManifest.xml:36:13-44
134            android:enabled="true"
134-->[androidx.profileinstaller:profileinstaller:1.4.0] AndroidManifest.xml:37:13-35
135            android:exported="true"
135-->[androidx.profileinstaller:profileinstaller:1.4.0] AndroidManifest.xml:38:13-36
136            android:permission="android.permission.DUMP" >
136-->[androidx.profileinstaller:profileinstaller:1.4.0] AndroidManifest.xml:39:13-57
137            <intent-filter>
137-->[androidx.profileinstaller:profileinstaller:1.4.0] AndroidManifest.xml:40:13-42:29
138                <action android:name="androidx.profileinstaller.action.INSTALL_PROFILE" />
138-->[androidx.profileinstaller:profileinstaller:1.4.0] AndroidManifest.xml:41:17-91
138-->[androidx.profileinstaller:profileinstaller:1.4.0] AndroidManifest.xml:41:25-88
139            </intent-filter>
140            <intent-filter>
140-->[androidx.profileinstaller:profileinstaller:1.4.0] AndroidManifest.xml:43:13-45:29
141                <action android:name="androidx.profileinstaller.action.SKIP_FILE" />
141-->[androidx.profileinstaller:profileinstaller:1.4.0] AndroidManifest.xml:44:17-85
141-->[androidx.profileinstaller:profileinstaller:1.4.0] AndroidManifest.xml:44:25-82
142            </intent-filter>
143            <intent-filter>
143-->[androidx.profileinstaller:profileinstaller:1.4.0] AndroidManifest.xml:46:13-48:29
144                <action android:name="androidx.profileinstaller.action.SAVE_PROFILE" />
144-->[androidx.profileinstaller:profileinstaller:1.4.0] AndroidManifest.xml:47:17-88
144-->[androidx.profileinstaller:profileinstaller:1.4.0] AndroidManifest.xml:47:25-85
145            </intent-filter>
146            <intent-filter>
146-->[androidx.profileinstaller:profileinstaller:1.4.0] AndroidManifest.xml:49:13-51:29
147                <action android:name="androidx.profileinstaller.action.BENCHMARK_OPERATION" />
147-->[androidx.profileinstaller:profileinstaller:1.4.0] AndroidManifest.xml:50:17-95
147-->[androidx.profileinstaller:profileinstaller:1.4.0] AndroidManifest.xml:50:25-92
148            </intent-filter>
149        </receiver>
150    </application>
151
152</manifest>